app/build/intermediates/manifest_merge_blame_file/debug/processDebugMainManifest/manifest-merger-blame-debug-report.txt
1<?xml version="1.0" encoding="utf-8"?>
2<manifest xmlns:android="http://schemas.android.com/apk/res/android"
3    package="com.jarvis.app"
4    android:versionCode="1"
5    android:versionName="1.0" >
6
7    <uses-sdk
8        android:minSdkVersion="26"
9        android:targetSdkVersion="35" />
10
11    <uses-permission android:name="android.permission.FOREGROUND_SERVICE" />
11-->src/main/AndroidManifest.xml:4:5-77
11-->src/main/AndroidManifest.xml:4:22-74
12    <uses-permission android:name="android.permission.FOREGROUND_SERVICE_SPECIAL_USE" />
12-->src/main/AndroidManifest.xml:5:5-89
12-->src/main/AndroidManifest.xml:5:22-86
13    <uses-permission android:name="android.permission.WAKE_LOCK" />
13-->src/main/AndroidManifest.xml:6:5-68
13-->src/main/AndroidManifest.xml:6:22-65
14    <uses-permission android:name="android.permission.RECORD_AUDIO" />
14-->src/main/AndroidManifest.xml:7:5-71
14-->src/main/AndroidManifest.xml:7:22-68
15    <uses-permission android:name="android.permission.SEND_SMS" />
15-->src/main/AndroidManifest.xml:8:5-67
15-->src/main/AndroidManifest.xml:8:22-64
16    <uses-permission android:name="android.permission.CALL_PHONE" />
16-->src/main/AndroidManifest.xml:9:5-69
16-->src/main/AndroidManifest.xml:9:22-66
17    <uses-permission android:name="android.permission.READ_CONTACTS" />
17-->src/main/AndroidManifest.xml:10:5-72
17-->src/main/AndroidManifest.xml:10:22-69
18    <uses-permission android:name="android.permission.INTERNET" />
18-->src/main/AndroidManifest.xml:11:5-67
18-->src/main/AndroidManifest.xml:11:22-64
19    <uses-permission android:name="android.permission.RECEIVE_BOOT_COMPLETED" />
19-->src/main/AndroidManifest.xml:12:5-81
19-->src/main/AndroidManifest.xml:12:22-78
20    <uses-permission android:name="android.permission.VIBRATE" />
20-->src/main/AndroidManifest.xml:13:5-66
20-->src/main/AndroidManifest.xml:13:22-63
21    <uses-permission android:name="android.permission.POST_NOTIFICATIONS" />
21-->src/main/AndroidManifest.xml:14:5-77
21-->src/main/AndroidManifest.xml:14:22-74
22
23    <permission
23-->[androidx.core:core:1.13.1] AndroidManifest.xml:22:5-24:47
24        android:name="com.jarvis.app.DYNAMIC_RECEIVER_NOT_EXPORTED_PERMISSION"
24-->[androidx.core:core:1.13.1] AndroidManifest.xml:23:9-81
25        android:protectionLevel="signature" />
25-->[androidx.core:core:1.13.1] AndroidManifest.xml:24:9-44
26
27    <uses-permission android:name="com.jarvis.app.DYNAMIC_RECEIVER_NOT_EXPORTED_PERMISSION" />
27-->[androidx.core:core:1.13.1] AndroidManifest.xml:26:5-97
27-->[androidx.core:core:1.13.1] AndroidManifest.xml:26:22-94
28
29    <application
29-->src/main/AndroidManifest.xml:16:5-70:19
30        android:name="com.jarvis.app.JarvisApplication"
30-->src/main/AndroidManifest.xml:17:9-42
31        android:allowBackup="true"
31-->src/main/AndroidManifest.xml:18:9-35
32        android:appComponentFactory="androidx.core.app.CoreComponentFactory"
32-->[androidx.core:core:1.13.1] AndroidManifest.xml:28:18-86
33        android:debuggable="true"
34        android:extractNativeLibs="false"
35        android:icon="@mipmap/ic_launcher"
35-->src/main/AndroidManifest.xml:19:9-43
36        android:label="Jarvis"
36-->src/main/AndroidManifest.xml:20:9-31
37        android:supportsRtl="true"
37-->src/main/AndroidManifest.xml:21:9-35
38        android:theme="@style/Theme.Jarvis" >
38-->src/main/AndroidManifest.xml:22:9-44
39        <activity
39-->src/main/AndroidManifest.xml:24:9-31:20
40            android:name="com.jarvis.app.setup.SetupActivity"
40-->src/main/AndroidManifest.xml:25:13-48
41            android:exported="true" >
41-->src/main/AndroidManifest.xml:26:13-36
42            <intent-filter>
42-->src/main/AndroidManifest.xml:27:13-30:29
43                <action android:name="android.intent.action.MAIN" />
43-->src/main/AndroidManifest.xml:28:17-69
43-->src/main/AndroidManifest.xml:28:25-66
44
45                <category android:name="android.intent.category.LAUNCHER" />
45-->src/main/AndroidManifest.xml:29:17-77
45-->src/main/AndroidManifest.xml:29:27-74
46            </intent-filter>
47        </activity>
48
49        <service
49-->src/main/AndroidManifest.xml:33:9-40:19
50            android:name="com.jarvis.app.core.JarvisService"
50-->src/main/AndroidManifest.xml:34:13-47
51            android:exported="false"
51-->src/main/AndroidManifest.xml:36:13-37
52            android:foregroundServiceType="specialUse" >
52-->src/main/AndroidManifest.xml:35:13-55
53            <property
53-->src/main/AndroidManifest.xml:37:13-39:139
54                android:name="android.app.PROPERTY_SPECIAL_USE_FGS_SUBTYPE"
54-->src/main/AndroidManifest.xml:38:17-76
55                android:value="Voice-controlled accessibility assistant that reads notifications and executes commands with screen off" />
55-->src/main/AndroidManifest.xml:39:17-136
56        </service>
57        <service
57-->src/main/AndroidManifest.xml:42:9-49:19
58            android:name="com.jarvis.app.notifications.NotificationCaptureService"
58-->src/main/AndroidManifest.xml:43:13-69
59            android:exported="true"
59-->src/main/AndroidManifest.xml:45:13-36
60            android:permission="android.permission.BIND_NOTIFICATION_LISTENER_SERVICE" >
60-->src/main/AndroidManifest.xml:44:13-87
61            <intent-filter>
61-->src/main/AndroidManifest.xml:46:13-48:29
62                <action android:name="android.service.notification.NotificationListenerService" />
62-->src/main/AndroidManifest.xml:47:17-99
62-->src/main/AndroidManifest.xml:47:25-96
63            </intent-filter>
64        </service>
65        <service
65-->src/main/AndroidManifest.xml:51:9-61:19
66            android:name="com.jarvis.app.accessibility.VolumeButtonService"
66-->src/main/AndroidManifest.xml:52:13-62
67            android:exported="true"
67-->src/main/AndroidManifest.xml:54:13-36
68            android:permission="android.permission.BIND_ACCESSIBILITY_SERVICE" >
68-->src/main/AndroidManifest.xml:53:13-79
69            <intent-filter>
69-->src/main/AndroidManifest.xml:55:13-57:29
70                <action android:name="android.intent.action.MAIN" />
70-->src/main/AndroidManifest.xml:28:17-69
70-->src/main/AndroidManifest.xml:28:25-66
71            </intent-filter>
72
73            <meta-data
73-->src/main/AndroidManifest.xml:58:13-60:72
74                android:name="android.accessibilityservice"
74-->src/main/AndroidManifest.xml:59:17-60
75                android:resource="@xml/volume_button_service_config" />
75-->src/main/AndroidManifest.xml:60:17-69
76        </service>
77
78        <receiver
78-->src/main/AndroidManifest.xml:63:9-69:20
79            android:name="com.jarvis.app.boot.BootReceiver"
79-->src/main/AndroidManifest.xml:64:13-46
80            android:exported="true" >
80-->src/main/AndroidManifest.xml:65:13-36
81            <intent-filter>
81-->src/main/AndroidManifest.xml:66:13-68:29
82                <action android:name="android.intent.action.BOOT_COMPLETED" />
82-->src/main/AndroidManifest.xml:67:17-79
82-->src/main/AndroidManifest.xml:67:25-76
83            </intent-filter>
84        </receiver>
85
86        <provider
86-->[androidx.emoji2:emoji2:1.3.0] AndroidManifest.xml:24:9-32:20
87            android:name="androidx.startup.InitializationProvider"
87-->[androidx.emoji2:emoji2:1.3.0] AndroidManifest.xml:25:13-67
88            android:authorities="com.jarvis.app.androidx-startup"
88-->[androidx.emoji2:emoji2:1.3.0] AndroidManifest.xml:26:13-68
89            android:exported="false" >
89-->[androidx.emoji2:emoji2:1.3.0] AndroidManifest.xml:27:13-37
90            <meta-data
90-->[androidx.emoji2:emoji2:1.3.0] AndroidManifest.xml:29:13-31:52
91                android:name="androidx.emoji2.text.EmojiCompatInitializer"
91-->[androidx.emoji2:emoji2:1.3.0] AndroidManifest.xml:30:17-75
92                android:value="androidx.startup" />
92-->[androidx.emoji2:emoji2:1.3.0] AndroidManifest.xml:31:17-49
93            <meta-data
93-->[androidx.lifecycle:lifecycle-process:2.6.2] AndroidManifest.xml:29:13-31:52
94                android:name="androidx.lifecycle.ProcessLifecycleInitializer"
94-->[androidx.lifecycle:lifecycle-process:2.6.2] AndroidManifest.xml:30:17-78
95                android:value="androidx.startup" />
95-->[androidx.lifecycle:lifecycle-process:2.6.2] AndroidManifest.xml:31:17-49
96            <meta-data
96-->[androidx.profileinstaller:profileinstaller:1.3.1] AndroidManifest.xml:29:13-31:52
97                android:name="androidx.profileinstaller.ProfileInstallerInitializer"
97-->[androidx.profileinstaller:profileinstaller:1.3.1] AndroidManifest.xml:30:17-85
98                android:value="androidx.startup" />
98-->[androidx.profileinstaller:profileinstaller:1.3.1] AndroidManifest.xml:31:17-49
99        </provider>
100
101        <receiver
101-->[androidx.profileinstaller:profileinstaller:1.3.1] AndroidManifest.xml:34:9-52:20
102            android:name="androidx.profileinstaller.ProfileInstallReceiver"
102-->[androidx.profileinstaller:profileinstaller:1.3.1] AndroidManifest.xml:35:13-76
103            android:directBootAware="false"
103-->[androidx.profileinstaller:profileinstaller:1.3.1] AndroidManifest.xml:36:13-44
104            android:enabled="true"
104-->[androidx.profileinstaller:profileinstaller:1.3.1] AndroidManifest.xml:37:13-35
105            android:exported="true"
105-->[androidx.profileinstaller:profileinstaller:1.3.1] AndroidManifest.xml:38:13-36
106            android:permission="android.permission.DUMP" >
106-->[androidx.profileinstaller:profileinstaller:1.3.1] AndroidManifest.xml:39:13-57
107            <intent-filter>
107-->[androidx.profileinstaller:profileinstaller:1.3.1] AndroidManifest.xml:40:13-42:29
108                <action android:name="androidx.profileinstaller.action.INSTALL_PROFILE" />
108-->[androidx.profileinstaller:profileinstaller:1.3.1] AndroidManifest.xml:41:17-91
108-->[androidx.profileinstaller:profileinstaller:1.3.1] AndroidManifest.xml:41:25-88
109            </intent-filter>
110            <intent-filter>
110-->[androidx.profileinstaller:profileinstaller:1.3.1] AndroidManifest.xml:43:13-45:29
111                <action android:name="androidx.profileinstaller.action.SKIP_FILE" />
111-->[androidx.profileinstaller:profileinstaller:1.3.1] AndroidManifest.xml:44:17-85
111-->[androidx.profileinstaller:profileinstaller:1.3.1] AndroidManifest.xml:44:25-82
112            </intent-filter>
113            <intent-filter>
113-->[androidx.profileinstaller:profileinstaller:1.3.1] AndroidManifest.xml:46:13-48:29
114                <action android:name="androidx.profileinstaller.action.SAVE_PROFILE" />
114-->[androidx.profileinstaller:profileinstaller:1.3.1] AndroidManifest.xml:47:17-88
114-->[androidx.profileinstaller:profileinstaller:1.3.1] AndroidManifest.xml:47:25-85
115            </intent-filter>
116            <intent-filter>
116-->[androidx.profileinstaller:profileinstaller:1.3.1] AndroidManifest.xml:49:13-51:29
117                <action android:name="androidx.profileinstaller.action.BENCHMARK_OPERATION" />
117-->[androidx.profileinstaller:profileinstaller:1.3.1] AndroidManifest.xml:50:17-95
117-->[androidx.profileinstaller:profileinstaller:1.3.1] AndroidManifest.xml:50:25-92
118            </intent-filter>
119        </receiver>
120    </application>
121
122</manifest>